
======== GPU REPORT ========

==============NVSMI LOG==============

Timestamp                                 : Wed Jan 11 19:10:22 2023
Driver Version                            : 515.65.01
CUDA Version                              : 11.7

Attached GPUs                             : 1
GPU 00000000:39:00.0
    Accounting Mode                       : Enabled
    Accounting Mode Buffer Size           : 4000
    Accounted Processes
        Process ID                        : 28696
            GPU Utilization               : 0 %
            Memory Utilization            : 0 %
            Max memory usage              : 563 MiB
            Time                          : 73653 ms
            Is Running                    : 0
        Process ID                        : 31985
            GPU Utilization               : 0 %
            Memory Utilization            : 0 %
            Max memory usage              : 563 MiB
            Time                          : 398146 ms
            Is Running                    : 0

Wed Jan 11 19:10:22 2023       
+-----------------------------------------------------------------------------+
| NVIDIA-SMI 515.65.01    Driver Version: 515.65.01    CUDA Version: 11.7     |
|-------------------------------+----------------------+----------------------+
| GPU  Name        Persistence-M| Bus-Id        Disp.A | Volatile Uncorr. ECC |
| Fan  Temp  Perf  Pwr:Usage/Cap|         Memory-Usage | GPU-Util  Compute M. |
|                               |                      |               MIG M. |
|===============================+======================+======================|
|   0  Quadro RTX 8000     Off  | 00000000:39:00.0 Off |                  Off |
| 33%   23C    P8    11W / 260W |      0MiB / 49152MiB |      0%      Default |
|                               |                      |                  N/A |
+-------------------------------+----------------------+----------------------+
                                                                               
+-----------------------------------------------------------------------------+
| Processes:                                                                  |
|  GPU   GI   CI        PID   Type   Process name                  GPU Memory |
|        ID   ID                                                   Usage      |
|=============================================================================|
|  No running processes found                                                 |
+-----------------------------------------------------------------------------+
